Determining if the pthread_create exist failed with the following output:
Change Dir: /home/puneet/catkin_ws/build/CMakeFiles/CMakeTmp

Run Build Command:/usr/bin/make "cmTryCompileExec498031277/fast"
/usr/bin/make -f CMakeFiles/cmTryCompileExec498031277.dir/build.make CMakeFiles/cmTryCompileExec498031277.dir/build
make[1]: Entering directory `/home/puneet/catkin_ws/build/CMakeFiles/CMakeTmp'
/usr/bin/cmake -E cmake_progress_report /home/puneet/catkin_ws/build/CMakeFiles/CMakeTmp/CMakeFiles 1
Building C object CMakeFiles/cmTryCompileExec498031277.dir/CheckSymbolExists.c.o
/usr/bin/cc    -o CMakeFiles/cmTryCompileExec498031277.dir/CheckSymbolExists.c.o   -c /home/puneet/catkin_ws/build/CMakeFiles/CMakeTmp/CheckSymbolExists.c
Linking C executable cmTryCompileExec498031277
/usr/bin/cmake -E cmake_link_script CMakeFiles/cmTryCompileExec498031277.dir/link.txt --verbose=1
/usr/bin/cc       CMakeFiles/cmTryCompileExec498031277.dir/CheckSymbolExists.c.o  -o cmTryCompileExec498031277 -rdynamic 
CMakeFiles/cmTryCompileExec498031277.dir/CheckSymbolExists.c.o: In function `main':
CheckSymbolExists.c:(.text+0x16): undefined reference to `pthread_create'
collect2: error: ld returned 1 exit status
make[1]: Leaving directory `/home/puneet/catkin_ws/build/CMakeFiles/CMakeTmp'
make[1]: *** [cmTryCompileExec498031277] Error 1
make: *** [cmTryCompileExec498031277/fast] Error 2

File /home/puneet/catkin_ws/build/CMakeFiles/CMakeTmp/CheckSymbolExists.c:
/* */
#include <pthread.h>

int main(int argc, char** argv)
{
  (void)argv;
#ifndef pthread_create
  return ((int*)(&pthread_create))[argc];
#else
  (void)argc;
  return 0;
#endif
}

Determining if the function pthread_create exists in the pthreads failed with the following output:
Change Dir: /home/puneet/catkin_ws/build/CMakeFiles/CMakeTmp

Run Build Command:/usr/bin/make "cmTryCompileExec3503887669/fast"
/usr/bin/make -f CMakeFiles/cmTryCompileExec3503887669.dir/build.make CMakeFiles/cmTryCompileExec3503887669.dir/build
make[1]: Entering directory `/home/puneet/catkin_ws/build/CMakeFiles/CMakeTmp'
/usr/bin/cmake -E cmake_progress_report /home/puneet/catkin_ws/build/CMakeFiles/CMakeTmp/CMakeFiles 1
Building C object CMakeFiles/cmTryCompileExec3503887669.dir/CheckFunctionExists.c.o
/usr/bin/cc   -DCHECK_FUNCTION_EXISTS=pthread_create   -o CMakeFiles/cmTryCompileExec3503887669.dir/CheckFunctionExists.c.o   -c /usr/share/cmake-2.8/Modules/CheckFunctionExists.c
Linking C executable cmTryCompileExec3503887669
/usr/bin/cmake -E cmake_link_script CMakeFiles/cmTryCompileExec3503887669.dir/link.txt --verbose=1
/usr/bin/cc   -DCHECK_FUNCTION_EXISTS=pthread_create    CMakeFiles/cmTryCompileExec3503887669.dir/CheckFunctionExists.c.o  -o cmTryCompileExec3503887669 -rdynamic -lpthreads 
/usr/bin/ld: cannot find -lpthreads
collect2: error: ld returned 1 exit status
make[1]: Leaving directory `/home/puneet/catkin_ws/build/CMakeFiles/CMakeTmp'
make[1]: *** [cmTryCompileExec3503887669] Error 1
make: *** [cmTryCompileExec3503887669/fast] Error 2


Determining if the Q_WS_WIN exist failed with the following output:
Change Dir: /home/puneet/catkin_ws/build/CMakeFiles/CMakeTmp

Run Build Command:/usr/bin/make "cmTryCompileExec3080615600/fast"
/usr/bin/make -f CMakeFiles/cmTryCompileExec3080615600.dir/build.make CMakeFiles/cmTryCompileExec3080615600.dir/build
make[1]: Entering directory `/home/puneet/catkin_ws/build/CMakeFiles/CMakeTmp'
/usr/bin/cmake -E cmake_progress_report /home/puneet/catkin_ws/build/CMakeFiles/CMakeTmp/CMakeFiles 1
Building CXX object CMakeFiles/cmTryCompileExec3080615600.dir/CheckSymbolExists.cxx.o
/usr/bin/c++    -I/usr/include/qt4    -o CMakeFiles/cmTryCompileExec3080615600.dir/CheckSymbolExists.cxx.o -c /home/puneet/catkin_ws/build/CMakeFiles/CMakeTmp/CheckSymbolExists.cxx
/home/puneet/catkin_ws/build/CMakeFiles/CMakeTmp/CheckSymbolExists.cxx: In function ‘int main(int, char**)’:
/home/puneet/catkin_ws/build/CMakeFiles/CMakeTmp/CheckSymbolExists.cxx:8:19: error: ‘Q_WS_WIN’ was not declared in this scope
   return ((int*)(&Q_WS_WIN))[argc];
                   ^
make[1]: Leaving directory `/home/puneet/catkin_ws/build/CMakeFiles/CMakeTmp'
make[1]: *** [CMakeFiles/cmTryCompileExec3080615600.dir/CheckSymbolExists.cxx.o] Error 1
make: *** [cmTryCompileExec3080615600/fast] Error 2

File /home/puneet/catkin_ws/build/CMakeFiles/CMakeTmp/CheckSymbolExists.cxx:
/* */
#include <QtCore/qglobal.h>

int main(int argc, char** argv)
{
  (void)argv;
#ifndef Q_WS_WIN
  return ((int*)(&Q_WS_WIN))[argc];
#else
  (void)argc;
  return 0;
#endif
}

Determining if the Q_WS_QWS exist failed with the following output:
Change Dir: /home/puneet/catkin_ws/build/CMakeFiles/CMakeTmp

Run Build Command:/usr/bin/make "cmTryCompileExec423454396/fast"
/usr/bin/make -f CMakeFiles/cmTryCompileExec423454396.dir/build.make CMakeFiles/cmTryCompileExec423454396.dir/build
make[1]: Entering directory `/home/puneet/catkin_ws/build/CMakeFiles/CMakeTmp'
/usr/bin/cmake -E cmake_progress_report /home/puneet/catkin_ws/build/CMakeFiles/CMakeTmp/CMakeFiles 1
Building CXX object CMakeFiles/cmTryCompileExec423454396.dir/CheckSymbolExists.cxx.o
/usr/bin/c++    -I/usr/include/qt4    -o CMakeFiles/cmTryCompileExec423454396.dir/CheckSymbolExists.cxx.o -c /home/puneet/catkin_ws/build/CMakeFiles/CMakeTmp/CheckSymbolExists.cxx
/home/puneet/catkin_ws/build/CMakeFiles/CMakeTmp/CheckSymbolExists.cxx: In function ‘int main(int, char**)’:
/home/puneet/catkin_ws/build/CMakeFiles/CMakeTmp/CheckSymbolExists.cxx:8:19: error: ‘Q_WS_QWS’ was not declared in this scope
   return ((int*)(&Q_WS_QWS))[argc];
                   ^
make[1]: Leaving directory `/home/puneet/catkin_ws/build/CMakeFiles/CMakeTmp'
make[1]: *** [CMakeFiles/cmTryCompileExec423454396.dir/CheckSymbolExists.cxx.o] Error 1
make: *** [cmTryCompileExec423454396/fast] Error 2

File /home/puneet/catkin_ws/build/CMakeFiles/CMakeTmp/CheckSymbolExists.cxx:
/* */
#include <QtCore/qglobal.h>

int main(int argc, char** argv)
{
  (void)argv;
#ifndef Q_WS_QWS
  return ((int*)(&Q_WS_QWS))[argc];
#else
  (void)argc;
  return 0;
#endif
}

Determining if the Q_WS_MAC exist failed with the following output:
Change Dir: /home/puneet/catkin_ws/build/CMakeFiles/CMakeTmp

Run Build Command:/usr/bin/make "cmTryCompileExec205199698/fast"
/usr/bin/make -f CMakeFiles/cmTryCompileExec205199698.dir/build.make CMakeFiles/cmTryCompileExec205199698.dir/build
make[1]: Entering directory `/home/puneet/catkin_ws/build/CMakeFiles/CMakeTmp'
/usr/bin/cmake -E cmake_progress_report /home/puneet/catkin_ws/build/CMakeFiles/CMakeTmp/CMakeFiles 1
Building CXX object CMakeFiles/cmTryCompileExec205199698.dir/CheckSymbolExists.cxx.o
/usr/bin/c++    -I/usr/include/qt4    -o CMakeFiles/cmTryCompileExec205199698.dir/CheckSymbolExists.cxx.o -c /home/puneet/catkin_ws/build/CMakeFiles/CMakeTmp/CheckSymbolExists.cxx
/home/puneet/catkin_ws/build/CMakeFiles/CMakeTmp/CheckSymbolExists.cxx: In function ‘int main(int, char**)’:
/home/puneet/catkin_ws/build/CMakeFiles/CMakeTmp/CheckSymbolExists.cxx:8:19: error: ‘Q_WS_MAC’ was not declared in this scope
   return ((int*)(&Q_WS_MAC))[argc];
                   ^
make[1]: Leaving directory `/home/puneet/catkin_ws/build/CMakeFiles/CMakeTmp'
make[1]: *** [CMakeFiles/cmTryCompileExec205199698.dir/CheckSymbolExists.cxx.o] Error 1
make: *** [cmTryCompileExec205199698/fast] Error 2

File /home/puneet/catkin_ws/build/CMakeFiles/CMakeTmp/CheckSymbolExists.cxx:
/* */
#include <QtCore/qglobal.h>

int main(int argc, char** argv)
{
  (void)argv;
#ifndef Q_WS_MAC
  return ((int*)(&Q_WS_MAC))[argc];
#else
  (void)argc;
  return 0;
#endif
}

